/home/felix/tradingbot/autonomy_monitor.py:19: DeprecationWarning: datetime.datetime.utcnow() is deprecated and scheduled for removal in a future version. Use timezone-aware objects to represent datetimes in UTC: datetime.datetime.now(datetime.UTC).
  ts=datetime.utcnow().isoformat()
/home/felix/tradingbot/autonomy_monitor.py:53: DeprecationWarning: datetime.datetime.utcnow() is deprecated and scheduled for removal in a future version. Use timezone-aware objects to represent datetimes in UTC: datetime.datetime.now(datetime.UTC).
  cutoff=datetime.utcnow()-timedelta(hours=24)
2026-05-20T06:14:50.975327 Autonomy monitor started
2026-05-20T06:14:50.991619 Last balance: 91.6635 EUR
2026-05-20T06:14:50.992697 PnL last 24h: 0 EUR
2026-05-20T06:14:50.993185 Consecutive sell losses: 0
2026-05-20T06:15:51.031536 Last balance: 91.6635 EUR
2026-05-20T06:15:51.032369 PnL last 24h: 0 EUR
2026-05-20T06:15:51.032750 Consecutive sell losses: 0
2026-05-20T06:16:51.069397 Last balance: 91.6635 EUR
2026-05-20T06:16:51.070050 PnL last 24h: 0 EUR
2026-05-20T06:16:51.070392 Consecutive sell losses: 0
2026-05-20T06:17:51.090503 Last balance: 91.6635 EUR
2026-05-20T06:17:51.091473 PnL last 24h: 0 EUR
2026-05-20T06:17:51.091916 Consecutive sell losses: 0
2026-05-20T06:18:51.102640 Last balance: 91.6635 EUR
2026-05-20T06:18:51.113332 PnL last 24h: 0 EUR
2026-05-20T06:18:51.113844 Consecutive sell losses: 0
2026-05-20T06:19:51.120239 Last balance: 91.6635 EUR
2026-05-20T06:19:51.121181 PnL last 24h: 0 EUR
2026-05-20T06:19:51.121507 Consecutive sell losses: 0
2026-05-20T06:20:51.140236 Last balance: 91.6635 EUR
2026-05-20T06:20:51.141087 PnL last 24h: 0 EUR
2026-05-20T06:20:51.141534 Consecutive sell losses: 0
2026-05-20T06:21:51.188603 Last balance: 91.6635 EUR
2026-05-20T06:21:51.189446 PnL last 24h: 0 EUR
2026-05-20T06:21:51.189882 Consecutive sell losses: 0
2026-05-20T06:22:51.211768 Last balance: 91.6635 EUR
2026-05-20T06:22:51.212606 PnL last 24h: 0 EUR
2026-05-20T06:22:51.216217 Consecutive sell losses: 0
2026-05-20T06:23:51.234038 Last balance: 91.6635 EUR
2026-05-20T06:23:51.235315 PnL last 24h: 0 EUR
2026-05-20T06:23:51.253312 Consecutive sell losses: 0
2026-05-20T06:24:51.261395 Last balance: 91.6635 EUR
2026-05-20T06:24:51.262018 PnL last 24h: 0 EUR
2026-05-20T06:24:51.262388 Consecutive sell losses: 0
2026-05-20T06:25:51.276645 Last balance: 91.6635 EUR
2026-05-20T06:25:51.288136 PnL last 24h: 0 EUR
2026-05-20T06:25:51.288572 Consecutive sell losses: 0
2026-05-20T06:26:51.299721 Last balance: 91.6635 EUR
2026-05-20T06:26:51.302693 PnL last 24h: 0 EUR
2026-05-20T06:26:51.303591 Consecutive sell losses: 0
2026-05-20T06:27:51.314675 Last balance: 91.6635 EUR
2026-05-20T06:27:51.315459 PnL last 24h: 0 EUR
2026-05-20T06:27:51.315821 Consecutive sell losses: 0
2026-05-20T06:28:51.335345 Last balance: 91.6635 EUR
2026-05-20T06:28:51.336237 PnL last 24h: 0 EUR
2026-05-20T06:28:51.336649 Consecutive sell losses: 0
2026-05-20T06:29:51.368147 Last balance: 91.6635 EUR
2026-05-20T06:29:51.373243 PnL last 24h: 0 EUR
2026-05-20T06:29:51.373646 Consecutive sell losses: 0
2026-05-20T06:30:51.384459 Last balance: 91.6635 EUR
2026-05-20T06:30:51.385297 PnL last 24h: 0 EUR
2026-05-20T06:30:51.385663 Consecutive sell losses: 0
2026-05-20T06:31:51.413809 Last balance: 91.6635 EUR
2026-05-20T06:31:51.414598 PnL last 24h: 0 EUR
2026-05-20T06:31:51.414957 Consecutive sell losses: 0
2026-05-20T06:32:51.438392 Last balance: 91.6635 EUR
2026-05-20T06:32:51.439043 PnL last 24h: 0 EUR
2026-05-20T06:32:51.439289 Consecutive sell losses: 0
2026-05-20T06:33:51.452222 Last balance: 91.6635 EUR
2026-05-20T06:33:51.461731 PnL last 24h: 0 EUR
2026-05-20T06:33:51.462596 Consecutive sell losses: 0
2026-05-20T06:34:51.479839 Last balance: 91.6635 EUR
2026-05-20T06:34:51.480646 PnL last 24h: 0 EUR
2026-05-20T06:34:51.481127 Consecutive sell losses: 0
2026-05-20T06:35:51.491608 Last balance: 91.6635 EUR
2026-05-20T06:35:51.494713 PnL last 24h: 0 EUR
2026-05-20T06:35:51.495391 Consecutive sell losses: 0
2026-05-20T06:36:51.501824 Last balance: 91.6635 EUR
2026-05-20T06:36:51.502539 PnL last 24h: 0 EUR
2026-05-20T06:36:51.502873 Consecutive sell losses: 0
2026-05-20T06:37:51.523517 Last balance: 91.6635 EUR
2026-05-20T06:37:51.524468 PnL last 24h: 0 EUR
2026-05-20T06:37:51.524840 Consecutive sell losses: 0
2026-05-20T06:38:51.546726 Last balance: 91.6635 EUR
2026-05-20T06:38:51.547399 PnL last 24h: 0 EUR
2026-05-20T06:38:51.547729 Consecutive sell losses: 0
2026-05-20T06:39:51.570332 Last balance: 91.6635 EUR
2026-05-20T06:39:51.571137 PnL last 24h: 0 EUR
2026-05-20T06:39:51.571530 Consecutive sell losses: 0
2026-05-20T06:40:51.588438 Last balance: 91.6635 EUR
2026-05-20T06:40:51.604331 PnL last 24h: 0 EUR
2026-05-20T06:40:51.604738 Consecutive sell losses: 0
2026-05-20T06:41:51.612133 Last balance: 91.6635 EUR
2026-05-20T06:41:51.614320 PnL last 24h: 0 EUR
2026-05-20T06:41:51.614773 Consecutive sell losses: 0
2026-05-20T06:42:51.696017 Last balance: 91.6635 EUR
2026-05-20T06:42:51.696806 PnL last 24h: 0 EUR
2026-05-20T06:42:51.700417 Consecutive sell losses: 0
2026-05-20T06:43:51.715406 Last balance: 91.6635 EUR
2026-05-20T06:43:51.716262 PnL last 24h: 0 EUR
2026-05-20T06:43:51.724614 Consecutive sell losses: 0
2026-05-20T06:44:51.739532 Last balance: 91.6635 EUR
2026-05-20T06:44:51.740312 PnL last 24h: 0 EUR
2026-05-20T06:44:51.740791 Consecutive sell losses: 0
2026-05-20T06:45:51.769976 Last balance: 91.6635 EUR
2026-05-20T06:45:51.770746 PnL last 24h: 0 EUR
2026-05-20T06:45:51.771066 Consecutive sell losses: 0
2026-05-20T06:46:51.785257 Last balance: 91.6635 EUR
2026-05-20T06:46:51.785963 PnL last 24h: 0 EUR
2026-05-20T06:46:51.786352 Consecutive sell losses: 0
2026-05-20T06:47:51.803798 Last balance: 91.6635 EUR
2026-05-20T06:47:51.804522 PnL last 24h: 0 EUR
2026-05-20T06:47:51.806771 Consecutive sell losses: 0
2026-05-20T06:48:51.837184 Last balance: 91.6635 EUR
2026-05-20T06:48:51.837898 PnL last 24h: 0 EUR
2026-05-20T06:48:51.838201 Consecutive sell losses: 0
2026-05-20T06:49:51.852785 Last balance: 91.6635 EUR
2026-05-20T06:49:51.860561 PnL last 24h: 0 EUR
2026-05-20T06:49:51.865151 Consecutive sell losses: 0
2026-05-20T06:50:51.891785 Last balance: 91.6635 EUR
2026-05-20T06:50:51.892452 PnL last 24h: 0 EUR
2026-05-20T06:50:51.892764 Consecutive sell losses: 0
2026-05-20T06:51:51.918917 Last balance: 91.6635 EUR
2026-05-20T06:51:51.919817 PnL last 24h: 0 EUR
2026-05-20T06:51:51.920209 Consecutive sell losses: 0
2026-05-20T06:52:51.942378 Last balance: 91.6635 EUR
2026-05-20T06:52:51.943347 PnL last 24h: 0 EUR
2026-05-20T06:52:51.943699 Consecutive sell losses: 0
2026-05-20T06:53:51.953754 Last balance: 91.6635 EUR
2026-05-20T06:53:51.955354 PnL last 24h: 0 EUR
2026-05-20T06:53:51.955986 Consecutive sell losses: 0
2026-05-20T06:54:52.025615 Last balance: 91.6635 EUR
2026-05-20T06:54:52.026317 PnL last 24h: 0 EUR
2026-05-20T06:54:52.026650 Consecutive sell losses: 0
2026-05-20T06:55:52.065104 Last balance: 91.6635 EUR
2026-05-20T06:55:52.065867 PnL last 24h: 0 EUR
2026-05-20T06:55:52.066233 Consecutive sell losses: 0
2026-05-20T06:56:52.078489 Last balance: 91.6635 EUR
2026-05-20T06:56:52.079231 PnL last 24h: 0 EUR
2026-05-20T06:56:52.079636 Consecutive sell losses: 0
2026-05-20T06:57:52.099601 Last balance: 91.6635 EUR
2026-05-20T06:57:52.100461 PnL last 24h: 0 EUR
2026-05-20T06:57:52.101116 Consecutive sell losses: 0
2026-05-20T06:58:52.116171 Last balance: 91.6635 EUR
2026-05-20T06:58:52.116985 PnL last 24h: 0 EUR
2026-05-20T06:58:52.117447 Consecutive sell losses: 0
2026-05-20T06:59:52.162613 Last balance: 91.6635 EUR
2026-05-20T06:59:52.163354 PnL last 24h: 0 EUR
2026-05-20T06:59:52.163820 Consecutive sell losses: 0
2026-05-20T07:00:52.189103 Last balance: 91.6635 EUR
2026-05-20T07:00:52.193401 PnL last 24h: 0 EUR
2026-05-20T07:00:52.193785 Consecutive sell losses: 0
2026-05-20T07:01:52.213267 Last balance: 91.6635 EUR
2026-05-20T07:01:52.214863 PnL last 24h: 0 EUR
2026-05-20T07:01:52.215462 Consecutive sell losses: 0
2026-05-20T07:02:52.242901 Last balance: 91.6635 EUR
2026-05-20T07:02:52.243719 PnL last 24h: 0 EUR
2026-05-20T07:02:52.244099 Consecutive sell losses: 0
2026-05-20T07:03:52.310359 Last balance: 91.6635 EUR
2026-05-20T07:03:52.315310 PnL last 24h: 0 EUR
2026-05-20T07:03:52.315790 Consecutive sell losses: 0
2026-05-20T07:04:52.337895 Last balance: 91.6635 EUR
2026-05-20T07:04:52.338636 PnL last 24h: 0 EUR
2026-05-20T07:04:52.339002 Consecutive sell losses: 0
2026-05-20T07:05:52.344787 Last balance: 91.6635 EUR
2026-05-20T07:05:52.345620 PnL last 24h: 0 EUR
2026-05-20T07:05:52.346214 Consecutive sell losses: 0
2026-05-20T07:06:52.355870 Last balance: 91.6635 EUR
2026-05-20T07:06:52.356567 PnL last 24h: 0 EUR
2026-05-20T07:06:52.365199 Consecutive sell losses: 0
2026-05-20T07:07:52.377366 Last balance: 91.6635 EUR
2026-05-20T07:07:52.378677 PnL last 24h: 0 EUR
2026-05-20T07:07:52.379104 Consecutive sell losses: 0
2026-05-20T07:08:52.387495 Last balance: 91.6635 EUR
2026-05-20T07:08:52.388294 PnL last 24h: 0 EUR
2026-05-20T07:08:52.388696 Consecutive sell losses: 0
2026-05-20T07:09:52.406418 Last balance: 91.6635 EUR
2026-05-20T07:09:52.407497 PnL last 24h: 0 EUR
2026-05-20T07:09:52.407935 Consecutive sell losses: 0
2026-05-20T07:10:52.434147 Last balance: 91.6635 EUR
2026-05-20T07:10:52.434864 PnL last 24h: 0 EUR
2026-05-20T07:10:52.441388 Consecutive sell losses: 0
2026-05-20T07:11:52.456642 Last balance: 91.6635 EUR
2026-05-20T07:11:52.461629 PnL last 24h: 0 EUR
2026-05-20T07:11:52.461945 Consecutive sell losses: 0
2026-05-20T07:12:52.474125 Last balance: 91.6635 EUR
2026-05-20T07:12:52.474818 PnL last 24h: 0 EUR
2026-05-20T07:12:52.475119 Consecutive sell losses: 0
2026-05-20T07:13:52.496318 Last balance: 91.6635 EUR
2026-05-20T07:13:52.497091 PnL last 24h: 0 EUR
2026-05-20T07:13:52.497470 Consecutive sell losses: 0
2026-05-20T07:14:52.511436 Last balance: 91.6635 EUR
2026-05-20T07:14:52.512202 PnL last 24h: 0 EUR
2026-05-20T07:14:52.512608 Consecutive sell losses: 0
2026-05-20T07:15:52.522343 Last balance: 91.6635 EUR
2026-05-20T07:15:52.524564 PnL last 24h: 0 EUR
2026-05-20T07:15:52.525491 Consecutive sell losses: 0
2026-05-20T07:16:52.544466 Last balance: 91.6635 EUR
2026-05-20T07:16:52.545498 PnL last 24h: 0 EUR
2026-05-20T07:16:52.545818 Consecutive sell losses: 0
2026-05-20T07:17:52.559285 Last balance: 91.6635 EUR
2026-05-20T07:17:52.560136 PnL last 24h: 0 EUR
2026-05-20T07:17:52.560491 Consecutive sell losses: 0
2026-05-20T07:18:52.571593 Last balance: 91.6635 EUR
2026-05-20T07:18:52.572357 PnL last 24h: 0 EUR
2026-05-20T07:18:52.572653 Consecutive sell losses: 0
2026-05-20T07:19:52.581414 Last balance: 91.6635 EUR
2026-05-20T07:19:52.583257 PnL last 24h: 0 EUR
2026-05-20T07:19:52.583954 Consecutive sell losses: 0
2026-05-20T07:20:52.728436 Last balance: 91.6635 EUR
2026-05-20T07:20:52.729548 PnL last 24h: 0 EUR
2026-05-20T07:20:52.730038 Consecutive sell losses: 0
2026-05-20T07:21:52.746934 Last balance: 91.6635 EUR
2026-05-20T07:21:52.747727 PnL last 24h: 0 EUR
2026-05-20T07:21:52.748106 Consecutive sell losses: 0
2026-05-20T07:22:52.762931 Last balance: 91.6635 EUR
2026-05-20T07:22:52.763644 PnL last 24h: 0 EUR
2026-05-20T07:22:52.763924 Consecutive sell losses: 0
2026-05-20T07:23:52.774230 Last balance: 91.6635 EUR
2026-05-20T07:23:52.775436 PnL last 24h: 0 EUR
2026-05-20T07:23:52.776310 Consecutive sell losses: 0
2026-05-20T07:24:52.809901 Last balance: 91.6635 EUR
2026-05-20T07:24:52.810759 PnL last 24h: 0 EUR
2026-05-20T07:24:52.811519 Consecutive sell losses: 0
2026-05-20T07:25:52.827910 Last balance: 91.6635 EUR
2026-05-20T07:25:52.828657 PnL last 24h: 0 EUR
2026-05-20T07:25:52.829126 Consecutive sell losses: 0
2026-05-20T07:26:52.839544 Last balance: 91.6635 EUR
2026-05-20T07:26:52.840446 PnL last 24h: 0 EUR
2026-05-20T07:26:52.840845 Consecutive sell losses: 0
2026-05-20T07:27:52.859513 Last balance: 91.6635 EUR
2026-05-20T07:27:52.860396 PnL last 24h: 0 EUR
2026-05-20T07:27:52.861084 Consecutive sell losses: 0
2026-05-20T07:28:52.875356 Last balance: 91.6635 EUR
2026-05-20T07:28:52.876205 PnL last 24h: 0 EUR
2026-05-20T07:28:52.876629 Consecutive sell losses: 0
2026-05-20T07:29:52.896288 Last balance: 91.6635 EUR
2026-05-20T07:29:52.898015 PnL last 24h: 0 EUR
2026-05-20T07:29:52.898463 Consecutive sell losses: 0
2026-05-20T07:30:52.921150 Last balance: 91.6635 EUR
2026-05-20T07:30:52.921856 PnL last 24h: 0 EUR
2026-05-20T07:30:52.922247 Consecutive sell losses: 0
2026-05-20T07:31:52.990375 Last balance: 91.6635 EUR
2026-05-20T07:31:52.991708 PnL last 24h: 0 EUR
2026-05-20T07:31:52.992957 Consecutive sell losses: 0
2026-05-20T07:32:53.041384 Last balance: 91.6635 EUR
2026-05-20T07:32:53.042113 PnL last 24h: 0 EUR
2026-05-20T07:32:53.042456 Consecutive sell losses: 0
2026-05-20T07:33:53.048315 Last balance: 91.6635 EUR
2026-05-20T07:33:53.049211 PnL last 24h: 0 EUR
2026-05-20T07:33:53.050017 Consecutive sell losses: 0
2026-05-20T07:34:53.079083 Last balance: 91.6635 EUR
2026-05-20T07:34:53.079775 PnL last 24h: 0 EUR
2026-05-20T07:34:53.080252 Consecutive sell losses: 0
2026-05-20T07:35:53.107624 Last balance: 91.6635 EUR
2026-05-20T07:35:53.108322 PnL last 24h: 0 EUR
2026-05-20T07:35:53.108635 Consecutive sell losses: 0
2026-05-20T07:36:53.142283 Last balance: 91.6635 EUR
2026-05-20T07:36:53.142993 PnL last 24h: 0 EUR
2026-05-20T07:36:53.143334 Consecutive sell losses: 0
2026-05-20T07:37:53.158795 Last balance: 91.6635 EUR
2026-05-20T07:37:53.159572 PnL last 24h: 0 EUR
2026-05-20T07:37:53.159954 Consecutive sell losses: 0
2026-05-20T07:38:53.266160 Last balance: 91.6635 EUR
2026-05-20T07:38:53.267084 PnL last 24h: 0 EUR
2026-05-20T07:38:53.267462 Consecutive sell losses: 0
2026-05-20T07:39:53.472933 Last balance: 91.6635 EUR
2026-05-20T07:39:53.473597 PnL last 24h: 0 EUR
2026-05-20T07:39:53.473887 Consecutive sell losses: 0
2026-05-20T07:40:53.503285 Last balance: 91.6635 EUR
2026-05-20T07:40:53.504088 PnL last 24h: 0 EUR
2026-05-20T07:40:53.504441 Consecutive sell losses: 0
2026-05-20T07:41:53.648704 Last balance: 91.6635 EUR
2026-05-20T07:41:53.649638 PnL last 24h: 0 EUR
2026-05-20T07:41:53.650401 Consecutive sell losses: 0
2026-05-20T07:42:53.663465 Last balance: 91.6635 EUR
2026-05-20T07:42:53.664307 PnL last 24h: 0 EUR
2026-05-20T07:42:53.674703 Consecutive sell losses: 0
2026-05-20T07:43:53.695071 Last balance: 91.6635 EUR
2026-05-20T07:43:53.696386 PnL last 24h: 0 EUR
2026-05-20T07:43:53.697228 Consecutive sell losses: 0
2026-05-20T07:44:53.732483 Last balance: 91.6635 EUR
2026-05-20T07:44:53.740300 PnL last 24h: 0 EUR
2026-05-20T07:44:53.740709 Consecutive sell losses: 0
2026-05-20T07:45:53.799780 Last balance: 91.6635 EUR
2026-05-20T07:45:53.800518 PnL last 24h: 0 EUR
2026-05-20T07:45:53.800916 Consecutive sell losses: 0
2026-05-20T07:46:53.827133 Last balance: 91.6635 EUR
2026-05-20T07:46:53.827989 PnL last 24h: 0 EUR
2026-05-20T07:46:53.828448 Consecutive sell losses: 0
2026-05-20T07:47:53.843097 Last balance: 91.6635 EUR
2026-05-20T07:47:53.843893 PnL last 24h: 0 EUR
2026-05-20T07:47:53.844258 Consecutive sell losses: 0
2026-05-20T07:48:53.858435 Last balance: 91.6635 EUR
2026-05-20T07:48:53.859096 PnL last 24h: 0 EUR
2026-05-20T07:48:53.864528 Consecutive sell losses: 0
2026-05-20T07:49:53.882939 Last balance: 91.6635 EUR
2026-05-20T07:49:53.883765 PnL last 24h: 0 EUR
2026-05-20T07:49:53.884152 Consecutive sell losses: 0
2026-05-20T07:50:53.905387 Last balance: 91.6635 EUR
2026-05-20T07:50:53.906359 PnL last 24h: 0 EUR
2026-05-20T07:50:53.906847 Consecutive sell losses: 0
2026-05-20T07:51:53.926342 Last balance: 91.6635 EUR
2026-05-20T07:51:53.927100 PnL last 24h: 0 EUR
2026-05-20T07:51:53.927461 Consecutive sell losses: 0
2026-05-20T07:52:53.949950 Last balance: 91.6635 EUR
2026-05-20T07:52:53.951447 PnL last 24h: 0 EUR
2026-05-20T07:52:53.951903 Consecutive sell losses: 0
2026-05-20T07:53:53.976363 Last balance: 91.6635 EUR
2026-05-20T07:53:53.980304 PnL last 24h: 0 EUR
2026-05-20T07:53:53.980655 Consecutive sell losses: 0
2026-05-20T07:54:53.996458 Last balance: 91.6635 EUR
2026-05-20T07:54:54.002294 PnL last 24h: 0 EUR
2026-05-20T07:54:54.002766 Consecutive sell losses: 0
2026-05-20T07:55:54.078831 Last balance: 91.6635 EUR
2026-05-20T07:55:54.080451 PnL last 24h: 0 EUR
2026-05-20T07:55:54.081482 Consecutive sell losses: 0
2026-05-20T07:56:54.089167 Last balance: 91.6635 EUR
2026-05-20T07:56:54.089933 PnL last 24h: 0 EUR
2026-05-20T07:56:54.090301 Consecutive sell losses: 0
2026-05-20T07:57:54.123067 Last balance: 91.6635 EUR
2026-05-20T07:57:54.123994 PnL last 24h: 0 EUR
2026-05-20T07:57:54.124752 Consecutive sell losses: 0
2026-05-20T07:58:54.148699 Last balance: 91.6635 EUR
2026-05-20T07:58:54.154100 PnL last 24h: 0 EUR
2026-05-20T07:58:54.154456 Consecutive sell losses: 0
2026-05-20T07:59:54.174133 Last balance: 91.6635 EUR
2026-05-20T07:59:54.175070 PnL last 24h: 0 EUR
2026-05-20T07:59:54.175773 Consecutive sell losses: 0
2026-05-20T08:00:54.204774 Last balance: 91.6635 EUR
2026-05-20T08:00:54.214922 PnL last 24h: 0 EUR
2026-05-20T08:00:54.215428 Consecutive sell losses: 0
2026-05-20T08:01:54.230264 Last balance: 91.6635 EUR
2026-05-20T08:01:54.231054 PnL last 24h: 0 EUR
2026-05-20T08:01:54.231379 Consecutive sell losses: 0
2026-05-20T08:02:54.363389 Last balance: 91.6635 EUR
2026-05-20T08:02:54.365663 PnL last 24h: 0 EUR
2026-05-20T08:02:54.366468 Consecutive sell losses: 0
2026-05-20T08:03:54.385011 Last balance: 91.6635 EUR
2026-05-20T08:03:54.385722 PnL last 24h: 0 EUR
2026-05-20T08:03:54.386057 Consecutive sell losses: 0
2026-05-20T08:04:54.401568 Last balance: 91.6635 EUR
2026-05-20T08:04:54.405124 PnL last 24h: 0 EUR
2026-05-20T08:04:54.405560 Consecutive sell losses: 0
2026-05-20T08:05:54.422743 Last balance: 91.6635 EUR
2026-05-20T08:05:54.423571 PnL last 24h: 0 EUR
2026-05-20T08:05:54.423903 Consecutive sell losses: 0
2026-05-20T08:06:54.442543 Last balance: 91.6635 EUR
2026-05-20T08:06:54.443267 PnL last 24h: 0 EUR
2026-05-20T08:06:54.443629 Consecutive sell losses: 0
2026-05-20T08:07:54.450321 Last balance: 91.6635 EUR
2026-05-20T08:07:54.451115 PnL last 24h: 0 EUR
2026-05-20T08:07:54.451525 Consecutive sell losses: 0
2026-05-20T08:08:54.464545 Last balance: 91.6635 EUR
2026-05-20T08:08:54.473645 PnL last 24h: 0 EUR
2026-05-20T08:08:54.474092 Consecutive sell losses: 0
2026-05-20T08:09:54.481040 Last balance: 91.6635 EUR
2026-05-20T08:09:54.481744 PnL last 24h: 0 EUR
2026-05-20T08:09:54.482149 Consecutive sell losses: 0
2026-05-20T08:10:54.523934 Last balance: 91.6635 EUR
2026-05-20T08:10:54.524569 PnL last 24h: 0 EUR
2026-05-20T08:10:54.524928 Consecutive sell losses: 0
2026-05-20T08:11:54.538737 Last balance: 91.6635 EUR
2026-05-20T08:11:54.539497 PnL last 24h: 0 EUR
2026-05-20T08:11:54.539800 Consecutive sell losses: 0
2026-05-20T08:12:54.628761 Last balance: 91.6635 EUR
2026-05-20T08:12:54.629603 PnL last 24h: 0 EUR
2026-05-20T08:12:54.629994 Consecutive sell losses: 0
2026-05-20T08:13:54.657349 Last balance: 91.6635 EUR
2026-05-20T08:13:54.658282 PnL last 24h: 0 EUR
2026-05-20T08:13:54.658719 Consecutive sell losses: 0
2026-05-20T08:14:54.681325 Last balance: 91.6635 EUR
2026-05-20T08:14:54.682047 PnL last 24h: 0 EUR
2026-05-20T08:14:54.682383 Consecutive sell losses: 0
2026-05-20T08:15:54.701045 Last balance: 91.6635 EUR
2026-05-20T08:15:54.701789 PnL last 24h: 0 EUR
2026-05-20T08:15:54.702095 Consecutive sell losses: 0
2026-05-20T08:16:54.713322 Last balance: 91.6635 EUR
2026-05-20T08:16:54.714341 PnL last 24h: 0 EUR
2026-05-20T08:16:54.714832 Consecutive sell losses: 0
2026-05-20T08:17:54.730862 Last balance: 91.6635 EUR
2026-05-20T08:17:54.731529 PnL last 24h: 0 EUR
2026-05-20T08:17:54.731816 Consecutive sell losses: 0
2026-05-20T08:18:54.777338 Last balance: 91.6635 EUR
2026-05-20T08:18:54.778705 PnL last 24h: 0 EUR
2026-05-20T08:18:54.779065 Consecutive sell losses: 0
2026-05-20T08:19:54.791072 Last balance: 91.6635 EUR
2026-05-20T08:19:54.792550 PnL last 24h: 0 EUR
2026-05-20T08:19:54.793319 Consecutive sell losses: 0
2026-05-20T08:20:54.820546 Last balance: 91.6635 EUR
2026-05-20T08:20:54.836763 PnL last 24h: 0 EUR
2026-05-20T08:20:54.837235 Consecutive sell losses: 0
2026-05-20T08:21:54.854189 Last balance: 91.6635 EUR
2026-05-20T08:21:54.855666 PnL last 24h: 0 EUR
2026-05-20T08:21:54.856364 Consecutive sell losses: 0
2026-05-20T08:22:54.862987 Last balance: 91.6635 EUR
2026-05-20T08:22:54.863775 PnL last 24h: 0 EUR
2026-05-20T08:22:54.864085 Consecutive sell losses: 0
2026-05-20T08:23:54.902177 Last balance: 91.6635 EUR
2026-05-20T08:23:54.902994 PnL last 24h: 0 EUR
2026-05-20T08:23:54.903357 Consecutive sell losses: 0
2026-05-20T08:24:54.920621 Last balance: 91.6635 EUR
2026-05-20T08:24:54.924295 PnL last 24h: 0 EUR
2026-05-20T08:24:54.924679 Consecutive sell losses: 0
2026-05-20T08:25:54.942892 Last balance: 91.6635 EUR
2026-05-20T08:25:54.943670 PnL last 24h: 0 EUR
2026-05-20T08:25:54.944018 Consecutive sell losses: 0
2026-05-20T08:26:54.959459 Last balance: 91.6635 EUR
2026-05-20T08:26:54.960190 PnL last 24h: 0 EUR
2026-05-20T08:26:54.960450 Consecutive sell losses: 0
2026-05-20T08:27:55.015665 Last balance: 91.6635 EUR
2026-05-20T08:27:55.016456 PnL last 24h: 0 EUR
2026-05-20T08:27:55.028960 Consecutive sell losses: 0
2026-05-20T08:28:55.068238 Last balance: 91.6635 EUR
2026-05-20T08:28:55.069000 PnL last 24h: 0 EUR
2026-05-20T08:28:55.069370 Consecutive sell losses: 0
2026-05-20T08:29:55.106861 Last balance: 91.6635 EUR
2026-05-20T08:29:55.107891 PnL last 24h: 0 EUR
2026-05-20T08:29:55.108361 Consecutive sell losses: 0
2026-05-20T08:30:55.144723 Last balance: 91.6635 EUR
2026-05-20T08:30:55.145552 PnL last 24h: 0 EUR
2026-05-20T08:30:55.145931 Consecutive sell losses: 0
2026-05-20T08:31:55.156547 Last balance: 91.6635 EUR
2026-05-20T08:31:55.164245 PnL last 24h: 0 EUR
2026-05-20T08:31:55.164589 Consecutive sell losses: 0
2026-05-20T08:32:55.170896 Last balance: 91.6635 EUR
2026-05-20T08:32:55.171616 PnL last 24h: 0 EUR
2026-05-20T08:32:55.171939 Consecutive sell losses: 0
2026-05-20T08:33:55.206005 Last balance: 91.6635 EUR
2026-05-20T08:33:55.206831 PnL last 24h: 0 EUR
2026-05-20T08:33:55.210628 Consecutive sell losses: 0
2026-05-20T08:34:55.230177 Last balance: 91.6635 EUR
2026-05-20T08:34:55.231090 PnL last 24h: 0 EUR
2026-05-20T08:34:55.231478 Consecutive sell losses: 0
2026-05-20T08:35:55.251731 Last balance: 91.6635 EUR
2026-05-20T08:35:55.252507 PnL last 24h: 0 EUR
2026-05-20T08:35:55.253089 Consecutive sell losses: 0
2026-05-20T08:36:55.270250 Last balance: 91.6635 EUR
2026-05-20T08:36:55.271034 PnL last 24h: 0 EUR
2026-05-20T08:36:55.284762 Consecutive sell losses: 0
2026-05-20T08:37:55.325362 Last balance: 91.6635 EUR
2026-05-20T08:37:55.326584 PnL last 24h: 0 EUR
2026-05-20T08:37:55.327354 Consecutive sell losses: 0
2026-05-20T08:38:55.480179 Last balance: 91.6635 EUR
2026-05-20T08:38:55.485430 PnL last 24h: 0 EUR
2026-05-20T08:38:55.485821 Consecutive sell losses: 0
2026-05-20T08:39:55.501190 Last balance: 91.6635 EUR
2026-05-20T08:39:55.501929 PnL last 24h: 0 EUR
2026-05-20T08:39:55.502447 Consecutive sell losses: 0
2026-05-20T08:40:55.526733 Last balance: 91.6635 EUR
2026-05-20T08:40:55.527424 PnL last 24h: 0 EUR
2026-05-20T08:40:55.527700 Consecutive sell losses: 0
2026-05-20T08:41:55.552497 Last balance: 91.6635 EUR
2026-05-20T08:41:55.570748 PnL last 24h: 0 EUR
2026-05-20T08:41:55.571179 Consecutive sell losses: 0
2026-05-20T08:42:55.597983 Last balance: 91.6635 EUR
2026-05-20T08:42:55.599207 PnL last 24h: 0 EUR
2026-05-20T08:42:55.600009 Consecutive sell losses: 0
2026-05-20T08:43:55.630520 Last balance: 91.6635 EUR
2026-05-20T08:43:55.631380 PnL last 24h: 0 EUR
2026-05-20T08:43:55.631829 Consecutive sell losses: 0
2026-05-20T08:44:55.660839 Last balance: 91.6635 EUR
2026-05-20T08:44:55.667864 PnL last 24h: 0 EUR
2026-05-20T08:44:55.672791 Consecutive sell losses: 0
2026-05-20T08:45:55.695565 Last balance: 91.6635 EUR
2026-05-20T08:45:55.696298 PnL last 24h: 0 EUR
2026-05-20T08:45:55.696605 Consecutive sell losses: 0
2026-05-20T08:46:55.721065 Last balance: 91.6635 EUR
2026-05-20T08:46:55.721828 PnL last 24h: 0 EUR
2026-05-20T08:46:55.722150 Consecutive sell losses: 0
2026-05-20T08:47:55.733116 Last balance: 91.6635 EUR
2026-05-20T08:47:55.734114 PnL last 24h: 0 EUR
2026-05-20T08:47:55.734724 Consecutive sell losses: 0
2026-05-20T08:48:55.880681 Last balance: 91.6635 EUR
2026-05-20T08:48:55.882044 PnL last 24h: 0 EUR
2026-05-20T08:48:55.882585 Consecutive sell losses: 0
2026-05-20T08:49:55.955892 Last balance: 91.6635 EUR
2026-05-20T08:49:55.956596 PnL last 24h: 0 EUR
2026-05-20T08:49:55.958663 Consecutive sell losses: 0
2026-05-20T08:50:55.986354 Last balance: 91.6635 EUR
2026-05-20T08:50:55.987859 PnL last 24h: 0 EUR
2026-05-20T08:50:55.988286 Consecutive sell losses: 0
2026-05-20T08:51:56.000348 Last balance: 91.6635 EUR
2026-05-20T08:51:56.009270 PnL last 24h: 0 EUR
2026-05-20T08:51:56.009701 Consecutive sell losses: 0
2026-05-20T08:52:56.026299 Last balance: 91.6635 EUR
2026-05-20T08:52:56.027330 PnL last 24h: 0 EUR
2026-05-20T08:52:56.027720 Consecutive sell losses: 0
2026-05-20T08:53:56.183672 Last balance: 91.6635 EUR
2026-05-20T08:53:56.184541 PnL last 24h: 0 EUR
