2026-05-21 15:49:02 - Starting full liquidation run (close_everything_now)
2026-05-21 15:49:03 - OpenPositions error: ['EAPI:Invalid nonce']
2026-05-21 18:48:35 - Starting full liquidation run (close_everything_now)
2026-05-21 18:48:35 - Found 0 long(s) and 6 short(s) to close
2026-05-21 18:48:36 - Attempting to close SHORT TUG4HE-3ZPOC-SM4ONB XXBTZEUR vol=0.00025154 (market BUY)
2026-05-21 18:48:36 - Closed SHORT TUG4HE-3ZPOC-SM4ONB successfully -> {'txid': ['OGV6XK-GB4LZ-YCND7W'], 'descr': {'order': 'buy 0.00025 XBTEUR @ market'}}
2026-05-21 18:48:37 - Attempting to close SHORT THMMPM-ZUWBF-BGBNTC XXBTZEUR vol=0.00025125 (market BUY)
2026-05-21 18:48:37 - Closed SHORT THMMPM-ZUWBF-BGBNTC successfully -> {'txid': ['OP3D2P-ONTIZ-2LSHMM'], 'descr': {'order': 'buy 0.00025 XBTEUR @ market'}}
2026-05-21 18:48:38 - Attempting to close SHORT TOUBFG-TUVUH-Y27DEZ XETHZEUR vol=0.0091108 (market BUY)
2026-05-21 18:48:38 - Closed SHORT TOUBFG-TUVUH-Y27DEZ successfully -> {'txid': ['OFPSU7-JWWBO-NPMS2W'], 'descr': {'order': 'buy 0.00911 ETHEUR @ market'}}
2026-05-21 18:48:39 - Attempting to close SHORT TQELKO-KTAKY-2UXBXG XETHZEUR vol=0.01630036 (market BUY)
2026-05-21 18:48:39 - Closed SHORT TQELKO-KTAKY-2UXBXG successfully -> {'txid': ['OZSP33-UHXWA-5TMSXA'], 'descr': {'order': 'buy 0.01630 ETHEUR @ market'}}
2026-05-21 18:48:40 - Attempting to close SHORT TP6HAZ-FAOY4-35RR24 XXBTZEUR vol=0.00045628 (market BUY)
2026-05-21 18:48:40 - AddOrder error for SHORT TP6HAZ-FAOY4-35RR24: ['EOrder:Insufficient funds']
2026-05-21 18:48:40 - Could not close SHORT TP6HAZ-FAOY4-35RR24
2026-05-21 18:48:41 - Attempting to close SHORT TAJNMD-B6CQH-PNCBQ2 XXRPZEUR vol=25.19251278 (market BUY)
2026-05-21 18:48:41 - AddOrder error for SHORT TAJNMD-B6CQH-PNCBQ2: ['EOrder:Insufficient funds']
2026-05-21 18:48:41 - Trying partial BUY vol=12.59625639
2026-05-21 18:48:41 - Partial BUY failed: ['EOrder:Insufficient funds']
2026-05-21 18:48:41 - Trying partial BUY vol=6.2981282
2026-05-21 18:48:41 - Partial BUY succeeded for TAJNMD-B6CQH-PNCBQ2 vol=6.2981282 -> {'txid': ['OWMNCJ-ZYJMV-2SWBPM'], 'descr': {'order': 'buy 6.29812 XRPEUR @ market'}}
2026-05-22 22:57:53 - Starting full liquidation run (close_everything_now)
2026-05-22 22:57:53 - Found 0 long(s) and 6 short(s) to close
2026-05-22 22:57:53 - Attempting to close SHORT TUG4HE-3ZPOC-SM4ONB XXBTZEUR vol=0.00025154 (market BUY)
2026-05-22 22:57:53 - Closed SHORT TUG4HE-3ZPOC-SM4ONB successfully -> {'txid': ['OWOVE2-4NVES-QT3CD7'], 'descr': {'order': 'buy 0.00025 XBTEUR @ market'}}
2026-05-22 22:57:54 - Attempting to close SHORT THMMPM-ZUWBF-BGBNTC XXBTZEUR vol=0.00025125 (market BUY)
2026-05-22 22:57:54 - Closed SHORT THMMPM-ZUWBF-BGBNTC successfully -> {'txid': ['ON3BPY-QKLDL-7GHJZK'], 'descr': {'order': 'buy 0.00025 XBTEUR @ market'}}
2026-05-22 22:57:55 - Attempting to close SHORT TOUBFG-TUVUH-Y27DEZ XETHZEUR vol=0.0091108 (market BUY)
2026-05-22 22:57:56 - Closed SHORT TOUBFG-TUVUH-Y27DEZ successfully -> {'txid': ['OF5IDO-MI5CA-JNCIZH'], 'descr': {'order': 'buy 0.00911 ETHEUR @ market'}}
2026-05-22 22:57:57 - Attempting to close SHORT TQELKO-KTAKY-2UXBXG XETHZEUR vol=0.01630036 (market BUY)
2026-05-22 22:57:57 - Closed SHORT TQELKO-KTAKY-2UXBXG successfully -> {'txid': ['O7ZFPP-KIWNR-UG5Y33'], 'descr': {'order': 'buy 0.01630 ETHEUR @ market'}}
2026-05-22 22:57:58 - Attempting to close SHORT TP6HAZ-FAOY4-35RR24 XXBTZEUR vol=0.00045628 (market BUY)
2026-05-22 22:57:58 - AddOrder error for SHORT TP6HAZ-FAOY4-35RR24: ['EOrder:Insufficient funds']
2026-05-22 22:57:58 - Could not close SHORT TP6HAZ-FAOY4-35RR24
2026-05-22 22:57:59 - Attempting to close SHORT TAJNMD-B6CQH-PNCBQ2 XXRPZEUR vol=25.19251278 (market BUY)
2026-05-22 22:57:59 - AddOrder error for SHORT TAJNMD-B6CQH-PNCBQ2: ['EOrder:Insufficient funds']
2026-05-22 22:57:59 - Trying partial BUY vol=12.59625639
2026-05-22 22:57:59 - Partial BUY failed: ['EOrder:Insufficient funds']
2026-05-22 22:57:59 - Trying partial BUY vol=6.2981282
2026-05-22 22:57:59 - Partial BUY failed: ['EOrder:Insufficient initial margin']
2026-05-22 22:57:59 - Trying partial BUY vol=3.1490641
2026-05-22 22:57:59 - Partial BUY failed: ['EOrder:Insufficient initial margin']
2026-05-22 22:57:59 - Trying partial BUY vol=1.57453205
2026-05-22 22:57:59 - Partial BUY failed: ['EGeneral:Invalid arguments:volume minimum not met']
2026-05-22 22:57:59 - Trying partial BUY vol=0.78726602
2026-05-22 22:57:59 - Partial BUY failed: ['EGeneral:Invalid arguments:volume minimum not met']
2026-05-22 22:57:59 - Trying partial BUY vol=0.39363301
2026-05-22 22:57:59 - Partial BUY failed: ['EGeneral:Invalid arguments:volume minimum not met']
2026-06-01 11:05:43 - Starting full liquidation run (close_everything_now)
2026-06-01 11:05:43 - Found 0 long(s) and 3 short(s) to close
2026-06-01 11:05:43 - Attempting to close SHORT TIY5XX-BV7J4-NI3ZXN XXRPZEUR vol=10.70657206 (market BUY)
2026-06-01 11:05:43 - Closed SHORT TIY5XX-BV7J4-NI3ZXN successfully -> {'txid': ['O6UIBL-C7S6C-RETMMS'], 'descr': {'order': 'buy 10.70657 XRPEUR @ market'}}
2026-06-01 11:05:44 - Attempting to close SHORT TP4J37-I6O3M-IRZQEQ XXBTZEUR vol=0.00023688 (market BUY)
2026-06-01 11:05:44 - Closed SHORT TP4J37-I6O3M-IRZQEQ successfully -> {'txid': ['O6KWF6-4RTRG-3PVYPV'], 'descr': {'order': 'buy 0.00023 XBTEUR @ market'}}
2026-06-01 11:05:45 - Attempting to close SHORT TJIDH2-TLBGY-FQ26YX XETHZEUR vol=0.00875222 (market BUY)
2026-06-01 11:05:45 - Closed SHORT TJIDH2-TLBGY-FQ26YX successfully -> {'txid': ['OAXCF5-N7XLM-2UPUDG'], 'descr': {'order': 'buy 0.00875 ETHEUR @ market'}}
2026-06-01 11:10:56 - Starting full liquidation run (close_everything_now)
2026-06-01 11:10:56 - Found 0 long(s) and 3 short(s) to close
2026-06-01 11:10:56 - Attempting to close SHORT TIY5XX-BV7J4-NI3ZXN XXRPZEUR vol=10.70657206 (market BUY)
2026-06-01 11:10:56 - Closed SHORT TIY5XX-BV7J4-NI3ZXN successfully -> {'txid': ['OVEGOK-5FUKD-HLXVWX'], 'descr': {'order': 'buy 10.70657 XRPEUR @ market'}}
2026-06-01 11:10:57 - Attempting to close SHORT TP4J37-I6O3M-IRZQEQ XXBTZEUR vol=0.00023688 (market BUY)
2026-06-01 11:10:58 - Closed SHORT TP4J37-I6O3M-IRZQEQ successfully -> {'txid': ['OQKSYP-5GMER-QMMZ3R'], 'descr': {'order': 'buy 0.00023 XBTEUR @ market'}}
2026-06-01 11:10:59 - Attempting to close SHORT TJIDH2-TLBGY-FQ26YX XETHZEUR vol=0.00875222 (market BUY)
2026-06-01 11:10:59 - Closed SHORT TJIDH2-TLBGY-FQ26YX successfully -> {'txid': ['OP2Y2P-OCE4B-4KBMLW'], 'descr': {'order': 'buy 0.00875 ETHEUR @ market'}}
2026-06-01 11:11:25 - Starting full liquidation run (close_everything_now)
2026-06-01 11:11:25 - Found 0 long(s) and 3 short(s) to close
2026-06-01 11:11:25 - Attempting to close SHORT TIY5XX-BV7J4-NI3ZXN XXRPZEUR vol=10.70657206 (market BUY)
2026-06-01 11:11:25 - AddOrder error for SHORT TIY5XX-BV7J4-NI3ZXN: ['EOrder:Insufficient funds']
2026-06-01 11:11:25 - Trying partial BUY vol=5.35328603
2026-06-01 11:11:25 - Partial BUY failed: ['EOrder:Insufficient funds']
2026-06-01 11:11:25 - Trying partial BUY vol=2.67664301
2026-06-01 11:11:25 - Partial BUY succeeded for TIY5XX-BV7J4-NI3ZXN vol=2.67664301 -> {'txid': ['OA2YVS-6FAWW-2LED4Z'], 'descr': {'order': 'buy 2.67664 XRPEUR @ market'}}
2026-06-01 11:11:26 - Attempting to close SHORT TP4J37-I6O3M-IRZQEQ XXBTZEUR vol=0.00023688 (market BUY)
2026-06-01 11:11:26 - AddOrder error for SHORT TP4J37-I6O3M-IRZQEQ: ['EOrder:Insufficient funds']
2026-06-01 11:11:26 - Could not close SHORT TP4J37-I6O3M-IRZQEQ
2026-06-01 11:11:27 - Attempting to close SHORT TJIDH2-TLBGY-FQ26YX XETHZEUR vol=0.00875222 (market BUY)
2026-06-01 11:11:27 - AddOrder error for SHORT TJIDH2-TLBGY-FQ26YX: ['EOrder:Insufficient funds']
2026-06-01 11:11:27 - Could not close SHORT TJIDH2-TLBGY-FQ26YX
2026-06-01 11:11:43 - Starting full liquidation run (close_everything_now)
2026-06-01 11:11:43 - Found 0 long(s) and 3 short(s) to close
2026-06-01 11:11:43 - Attempting to close SHORT TIY5XX-BV7J4-NI3ZXN XXRPZEUR vol=10.70657206 (market BUY)
2026-06-01 11:11:43 - AddOrder error for SHORT TIY5XX-BV7J4-NI3ZXN: ['EOrder:Insufficient funds']
2026-06-01 11:11:43 - Trying partial BUY vol=5.35328603
2026-06-01 11:11:43 - Partial BUY failed: ['EOrder:Insufficient funds']
2026-06-01 11:11:43 - Trying partial BUY vol=2.67664301
2026-06-01 11:11:43 - Partial BUY failed: ['EOrder:Insufficient funds']
2026-06-01 11:11:43 - Trying partial BUY vol=1.3383215
2026-06-01 11:11:43 - Partial BUY failed: ['EGeneral:Invalid arguments:volume minimum not met']
2026-06-01 11:11:43 - Trying partial BUY vol=0.66916075
2026-06-01 11:11:43 - Partial BUY failed: ['EGeneral:Invalid arguments:volume minimum not met']
2026-06-01 11:11:43 - Trying partial BUY vol=0.33458037
2026-06-01 11:11:44 - Partial BUY failed: ['EGeneral:Invalid arguments:volume minimum not met']
2026-06-01 11:11:45 - Attempting to close SHORT TP4J37-I6O3M-IRZQEQ XXBTZEUR vol=0.00023688 (market BUY)
2026-06-01 11:11:45 - AddOrder error for SHORT TP4J37-I6O3M-IRZQEQ: ['EOrder:Insufficient funds']
2026-06-01 11:11:45 - Could not close SHORT TP4J37-I6O3M-IRZQEQ
2026-06-01 11:11:46 - Attempting to close SHORT TJIDH2-TLBGY-FQ26YX XETHZEUR vol=0.00875222 (market BUY)
2026-06-01 11:11:46 - AddOrder error for SHORT TJIDH2-TLBGY-FQ26YX: ['EOrder:Insufficient funds']
2026-06-01 11:11:46 - Could not close SHORT TJIDH2-TLBGY-FQ26YX
2026-06-01 11:11:47 - Finished liquidation run
2026-06-01 11:25:30 - Starting full liquidation run (close_everything_now)
2026-06-01 11:25:30 - No open positions to close
2026-06-01 11:25:30 - Found 0 long(s) and 0 short(s) to close
2026-06-01 11:25:30 - Finished liquidation run
